[2018-02-04 14:15:26] production.ERROR: SQLSTATE[HY000] [1045] Access denied for user 'forge'@'localhost' (using password: NO) {"exception":"[object] (PDOException(code: 1045): SQLSTATE[HY000] [1045] Access denied for user 'forge'@'localhost' (using password: NO) at /var/www/html/M07_tenda/vendor/laravel/framework/src/Illuminate/Database/Connectors/Connector.php:67)
[stacktrace]
#0 /var/www/html/M07_tenda/vendor/laravel/framework/src/Illuminate/Database/Connectors/Connector.php(67): PDO->__construct('mysql:host=127....', 'forge', '', Array)
#1 /var/www/html/M07_tenda/vendor/laravel/framework/src/Illuminate/Database/Connectors/Connector.php(43): Illuminate\\Database\\Connectors\\Connector->createPdoConnection('mysql:host=127....', 'forge', '', Array)
#2 /var/www/html/M07_tenda/vendor/laravel/framework/src/Illuminate/Database/Connectors/MySqlConnector.php(24): Illuminate\\Database\\Connectors\\Connector->createConnection('mysql:host=127....', Array, Array)
#3 /var/www/html/M07_tenda/vendor/laravel/framework/src/Illuminate/Database/Connectors/ConnectionFactory.php(183): Illuminate\\Database\\Connectors\\MySqlConnector->connect(Array)
#4 [internal function]: Illuminate\\Database\\Connectors\\ConnectionFactory->Illuminate\\Database\\Connectors\\{closure}()
#5 /var/www/html/M07_tenda/vendor/laravel/framework/src/Illuminate/Database/Connection.php(915): call_user_func(Object(Closure))
#6 /var/www/html/M07_tenda/vendor/laravel/framework/src/Illuminate/Database/Connection.php(940): Illuminate\\Database\\Connection->getPdo()
#7 /var/www/html/M07_tenda/vendor/laravel/framework/src/Illuminate/Database/Connection.php(399): Illuminate\\Database\\Connection->getReadPdo()
#8 /var/www/html/M07_tenda/vendor/laravel/framework/src/Illuminate/Database/Connection.php(325): Illuminate\\Database\\Connection->getPdoForSelect(true)
#9 /var/www/html/M07_tenda/vendor/laravel/framework/src/Illuminate/Database/Connection.php(657): Illuminate\\Database\\Connection->Illuminate\\Database\\{closure}('select * from i...', Array)
#10 /var/www/html/M07_tenda/vendor/laravel/framework/src/Illuminate/Database/Connection.php(624): Illuminate\\Database\\Connection->runQueryCallback('select * from i...', Array, Object(Closure))
#11 /var/www/html/M07_tenda/vendor/laravel/framework/src/Illuminate/Database/Connection.php(333): Illuminate\\Database\\Connection->run('select * from i...', Array, Object(Closure))
#12 /var/www/html/M07_tenda/vendor/laravel/framework/src/Illuminate/Database/Schema/MySqlBuilder.php(18): Illuminate\\Database\\Connection->select('select * from i...', Array)
#13 /var/www/html/M07_tenda/vendor/laravel/framework/src/Illuminate/Database/Migrations/DatabaseMigrationRepository.php(156): Illuminate\\Database\\Schema\\MySqlBuilder->hasTable('migrations')
#14 /var/www/html/M07_tenda/vendor/laravel/framework/src/Illuminate/Database/Migrations/Migrator.php(545): Illuminate\\Database\\Migrations\\DatabaseMigrationRepository->repositoryExists()
#15 /var/www/html/M07_tenda/vendor/laravel/framework/src/Illuminate/Database/Console/Migrations/MigrateCommand.php(96): Illuminate\\Database\\Migrations\\Migrator->repositoryExists()
#16 /var/www/html/M07_tenda/vendor/laravel/framework/src/Illuminate/Database/Console/Migrations/MigrateCommand.php(62): Illuminate\\Database\\Console\\Migrations\\MigrateCommand->prepareDatabase()
#17 [internal function]: Illuminate\\Database\\Console\\Migrations\\MigrateCommand->handle()
#18 /var/www/html/M07_tenda/vendor/laravel/framework/src/Illuminate/Container/BoundMethod.php(29): call_user_func_array(Array, Array)
#19 /var/www/html/M07_tenda/vendor/laravel/framework/src/Illuminate/Container/BoundMethod.php(87): Illuminate\\Container\\BoundMethod::Illuminate\\Container\\{closure}()
#20 /var/www/html/M07_tenda/vendor/laravel/framework/src/Illuminate/Container/BoundMethod.php(31): Illuminate\\Container\\BoundMethod::callBoundMethod(Object(Illuminate\\Foundation\\Application), Array, Object(Closure))
#21 /var/www/html/M07_tenda/vendor/laravel/framework/src/Illuminate/Container/Container.php(549): Illuminate\\Container\\BoundMethod::call(Object(Illuminate\\Foundation\\Application), Array, Array, NULL)
#22 /var/www/html/M07_tenda/vendor/laravel/framework/src/Illuminate/Console/Command.php(183): Illuminate\\Container\\Container->call(Array)
#23 /var/www/html/M07_tenda/vendor/symfony/console/Command/Command.php(252): Illuminate\\Console\\Command->execute(Object(Symfony\\Component\\Console\\Input\\ArgvInput), Object(Illuminate\\Console\\OutputStyle))
#24 /var/www/html/M07_tenda/vendor/laravel/framework/src/Illuminate/Console/Command.php(170): Symfony\\Component\\Console\\Command\\Command->run(Object(Symfony\\Component\\Console\\Input\\ArgvInput), Object(Illuminate\\Console\\OutputStyle))
#25 /var/www/html/M07_tenda/vendor/symfony/console/Application.php(946): Illuminate\\Console\\Command->run(Object(Symfony\\Component\\Console\\Input\\ArgvInput), Object(Symfony\\Component\\Console\\Output\\ConsoleOutput))
#26 /var/www/html/M07_tenda/vendor/symfony/console/Application.php(248): Symfony\\Component\\Console\\Application->doRunCommand(Object(Illuminate\\Database\\Console\\Migrations\\MigrateCommand), Object(Symfony\\Component\\Console\\Input\\ArgvInput), Object(Symfony\\Component\\Console\\Output\\ConsoleOutput))
#27 /var/www/html/M07_tenda/vendor/symfony/console/Application.php(148): Symfony\\Component\\Console\\Application->doRun(Object(Symfony\\Component\\Console\\Input\\ArgvInput), Object(Symfony\\Component\\Console\\Output\\ConsoleOutput))
#28 /var/www/html/M07_tenda/vendor/laravel/framework/src/Illuminate/Console/Application.php(88): Symfony\\Component\\Console\\Application->run(Object(Symfony\\Component\\Console\\Input\\ArgvInput), Object(Symfony\\Component\\Console\\Output\\ConsoleOutput))
#29 /var/www/html/M07_tenda/vendor/laravel/framework/src/Illuminate/Foundation/Console/Kernel.php(121): Illuminate\\Console\\Application->run(Object(Symfony\\Component\\Console\\Input\\ArgvInput), Object(Symfony\\Component\\Console\\Output\\ConsoleOutput))
#30 /var/www/html/M07_tenda/artisan(37): Illuminate\\Foundation\\Console\\Kernel->handle(Object(Symfony\\Component\\Console\\Input\\ArgvInput), Object(Symfony\\Component\\Console\\Output\\ConsoleOutput))
#31 {main}
"} 
[2018-02-04 14:15:26] production.ERROR: SQLSTATE[HY000] [1045] Access denied for user 'forge'@'localhost' (using password: NO) (SQL: select * from information_schema.tables where table_schema = forge and table_name = migrations) {"exception":"[object] (Illuminate\\Database\\QueryException(code: 1045): SQLSTATE[HY000] [1045] Access denied for user 'forge'@'localhost' (using password: NO) (SQL: select * from information_schema.tables where table_schema = forge and table_name = migrations) at /var/www/html/M07_tenda/vendor/laravel/framework/src/Illuminate/Database/Connection.php:664, PDOException(code: 1045): SQLSTATE[HY000] [1045] Access denied for user 'forge'@'localhost' (using password: NO) at /var/www/html/M07_tenda/vendor/laravel/framework/src/Illuminate/Database/Connectors/Connector.php:67)
[stacktrace]
#0 /var/www/html/M07_tenda/vendor/laravel/framework/src/Illuminate/Database/Connection.php(624): Illuminate\\Database\\Connection->runQueryCallback('select * from i...', Array, Object(Closure))
#1 /var/www/html/M07_tenda/vendor/laravel/framework/src/Illuminate/Database/Connection.php(333): Illuminate\\Database\\Connection->run('select * from i...', Array, Object(Closure))
#2 /var/www/html/M07_tenda/vendor/laravel/framework/src/Illuminate/Database/Schema/MySqlBuilder.php(18): Illuminate\\Database\\Connection->select('select * from i...', Array)
#3 /var/www/html/M07_tenda/vendor/laravel/framework/src/Illuminate/Database/Migrations/DatabaseMigrationRepository.php(156): Illuminate\\Database\\Schema\\MySqlBuilder->hasTable('migrations')
#4 /var/www/html/M07_tenda/vendor/laravel/framework/src/Illuminate/Database/Migrations/Migrator.php(545): Illuminate\\Database\\Migrations\\DatabaseMigrationRepository->repositoryExists()
#5 /var/www/html/M07_tenda/vendor/laravel/framework/src/Illuminate/Database/Console/Migrations/MigrateCommand.php(96): Illuminate\\Database\\Migrations\\Migrator->repositoryExists()
#6 /var/www/html/M07_tenda/vendor/laravel/framework/src/Illuminate/Database/Console/Migrations/MigrateCommand.php(62): Illuminate\\Database\\Console\\Migrations\\MigrateCommand->prepareDatabase()
#7 [internal function]: Illuminate\\Database\\Console\\Migrations\\MigrateCommand->handle()
#8 /var/www/html/M07_tenda/vendor/laravel/framework/src/Illuminate/Container/BoundMethod.php(29): call_user_func_array(Array, Array)
#9 /var/www/html/M07_tenda/vendor/laravel/framework/src/Illuminate/Container/BoundMethod.php(87): Illuminate\\Container\\BoundMethod::Illuminate\\Container\\{closure}()
#10 /var/www/html/M07_tenda/vendor/laravel/framework/src/Illuminate/Container/BoundMethod.php(31): Illuminate\\Container\\BoundMethod::callBoundMethod(Object(Illuminate\\Foundation\\Application), Array, Object(Closure))
#11 /var/www/html/M07_tenda/vendor/laravel/framework/src/Illuminate/Container/Container.php(549): Illuminate\\Container\\BoundMethod::call(Object(Illuminate\\Foundation\\Application), Array, Array, NULL)
#12 /var/www/html/M07_tenda/vendor/laravel/framework/src/Illuminate/Console/Command.php(183): Illuminate\\Container\\Container->call(Array)
#13 /var/www/html/M07_tenda/vendor/symfony/console/Command/Command.php(252): Illuminate\\Console\\Command->execute(Object(Symfony\\Component\\Console\\Input\\ArgvInput), Object(Illuminate\\Console\\OutputStyle))
#14 /var/www/html/M07_tenda/vendor/laravel/framework/src/Illuminate/Console/Command.php(170): Symfony\\Component\\Console\\Command\\Command->run(Object(Symfony\\Component\\Console\\Input\\ArgvInput), Object(Illuminate\\Console\\OutputStyle))
#15 /var/www/html/M07_tenda/vendor/symfony/console/Application.php(946): Illuminate\\Console\\Command->run(Object(Symfony\\Component\\Console\\Input\\ArgvInput), Object(Symfony\\Component\\Console\\Output\\ConsoleOutput))
#16 /var/www/html/M07_tenda/vendor/symfony/console/Application.php(248): Symfony\\Component\\Console\\Application->doRunCommand(Object(Illuminate\\Database\\Console\\Migrations\\MigrateCommand), Object(Symfony\\Component\\Console\\Input\\ArgvInput), Object(Symfony\\Component\\Console\\Output\\ConsoleOutput))
#17 /var/www/html/M07_tenda/vendor/symfony/console/Application.php(148): Symfony\\Component\\Console\\Application->doRun(Object(Symfony\\Component\\Console\\Input\\ArgvInput), Object(Symfony\\Component\\Console\\Output\\ConsoleOutput))
#18 /var/www/html/M07_tenda/vendor/laravel/framework/src/Illuminate/Console/Application.php(88): Symfony\\Component\\Console\\Application->run(Object(Symfony\\Component\\Console\\Input\\ArgvInput), Object(Symfony\\Component\\Console\\Output\\ConsoleOutput))
#19 /var/www/html/M07_tenda/vendor/laravel/framework/src/Illuminate/Foundation/Console/Kernel.php(121): Illuminate\\Console\\Application->run(Object(Symfony\\Component\\Console\\Input\\ArgvInput), Object(Symfony\\Component\\Console\\Output\\ConsoleOutput))
#20 /var/www/html/M07_tenda/artisan(37): Illuminate\\Foundation\\Console\\Kernel->handle(Object(Symfony\\Component\\Console\\Input\\ArgvInput), Object(Symfony\\Component\\Console\\Output\\ConsoleOutput))
#21 {main}
"} 
[2018-02-04 14:16:10] production.ERROR: SQLSTATE[HY000] [1045] Access denied for user 'forge'@'localhost' (using password: NO) {"exception":"[object] (PDOException(code: 1045): SQLSTATE[HY000] [1045] Access denied for user 'forge'@'localhost' (using password: NO) at /var/www/html/M07_tenda/vendor/laravel/framework/src/Illuminate/Database/Connectors/Connector.php:67)
[stacktrace]
#0 /var/www/html/M07_tenda/vendor/laravel/framework/src/Illuminate/Database/Connectors/Connector.php(67): PDO->__construct('mysql:host=127....', 'forge', '', Array)
#1 /var/www/html/M07_tenda/vendor/laravel/framework/src/Illuminate/Database/Connectors/Connector.php(43): Illuminate\\Database\\Connectors\\Connector->createPdoConnection('mysql:host=127....', 'forge', '', Array)
#2 /var/www/html/M07_tenda/vendor/laravel/framework/src/Illuminate/Database/Connectors/MySqlConnector.php(24): Illuminate\\Database\\Connectors\\Connector->createConnection('mysql:host=127....', Array, Array)
#3 /var/www/html/M07_tenda/vendor/laravel/framework/src/Illuminate/Database/Connectors/ConnectionFactory.php(183): Illuminate\\Database\\Connectors\\MySqlConnector->connect(Array)
#4 [internal function]: Illuminate\\Database\\Connectors\\ConnectionFactory->Illuminate\\Database\\Connectors\\{closure}()
#5 /var/www/html/M07_tenda/vendor/laravel/framework/src/Illuminate/Database/Connection.php(915): call_user_func(Object(Closure))
#6 /var/www/html/M07_tenda/vendor/laravel/framework/src/Illuminate/Database/Connection.php(940): Illuminate\\Database\\Connection->getPdo()
#7 /var/www/html/M07_tenda/vendor/laravel/framework/src/Illuminate/Database/Connection.php(399): Illuminate\\Database\\Connection->getReadPdo()
#8 /var/www/html/M07_tenda/vendor/laravel/framework/src/Illuminate/Database/Connection.php(325): Illuminate\\Database\\Connection->getPdoForSelect(true)
#9 /var/www/html/M07_tenda/vendor/laravel/framework/src/Illuminate/Database/Connection.php(657): Illuminate\\Database\\Connection->Illuminate\\Database\\{closure}('select * from i...', Array)
#10 /var/www/html/M07_tenda/vendor/laravel/framework/src/Illuminate/Database/Connection.php(624): Illuminate\\Database\\Connection->runQueryCallback('select * from i...', Array, Object(Closure))
#11 /var/www/html/M07_tenda/vendor/laravel/framework/src/Illuminate/Database/Connection.php(333): Illuminate\\Database\\Connection->run('select * from i...', Array, Object(Closure))
#12 /var/www/html/M07_tenda/vendor/laravel/framework/src/Illuminate/Database/Schema/MySqlBuilder.php(18): Illuminate\\Database\\Connection->select('select * from i...', Array)
#13 /var/www/html/M07_tenda/vendor/laravel/framework/src/Illuminate/Database/Migrations/DatabaseMigrationRepository.php(156): Illuminate\\Database\\Schema\\MySqlBuilder->hasTable('migrations')
#14 /var/www/html/M07_tenda/vendor/laravel/framework/src/Illuminate/Database/Migrations/Migrator.php(545): Illuminate\\Database\\Migrations\\DatabaseMigrationRepository->repositoryExists()
#15 /var/www/html/M07_tenda/vendor/laravel/framework/src/Illuminate/Database/Console/Migrations/MigrateCommand.php(96): Illuminate\\Database\\Migrations\\Migrator->repositoryExists()
#16 /var/www/html/M07_tenda/vendor/laravel/framework/src/Illuminate/Database/Console/Migrations/MigrateCommand.php(62): Illuminate\\Database\\Console\\Migrations\\MigrateCommand->prepareDatabase()
#17 [internal function]: Illuminate\\Database\\Console\\Migrations\\MigrateCommand->handle()
#18 /var/www/html/M07_tenda/vendor/laravel/framework/src/Illuminate/Container/BoundMethod.php(29): call_user_func_array(Array, Array)
#19 /var/www/html/M07_tenda/vendor/laravel/framework/src/Illuminate/Container/BoundMethod.php(87): Illuminate\\Container\\BoundMethod::Illuminate\\Container\\{closure}()
#20 /var/www/html/M07_tenda/vendor/laravel/framework/src/Illuminate/Container/BoundMethod.php(31): Illuminate\\Container\\BoundMethod::callBoundMethod(Object(Illuminate\\Foundation\\Application), Array, Object(Closure))
#21 /var/www/html/M07_tenda/vendor/laravel/framework/src/Illuminate/Container/Container.php(549): Illuminate\\Container\\BoundMethod::call(Object(Illuminate\\Foundation\\Application), Array, Array, NULL)
#22 /var/www/html/M07_tenda/vendor/laravel/framework/src/Illuminate/Console/Command.php(183): Illuminate\\Container\\Container->call(Array)
#23 /var/www/html/M07_tenda/vendor/symfony/console/Command/Command.php(252): Illuminate\\Console\\Command->execute(Object(Symfony\\Component\\Console\\Input\\ArgvInput), Object(Illuminate\\Console\\OutputStyle))
#24 /var/www/html/M07_tenda/vendor/laravel/framework/src/Illuminate/Console/Command.php(170): Symfony\\Component\\Console\\Command\\Command->run(Object(Symfony\\Component\\Console\\Input\\ArgvInput), Object(Illuminate\\Console\\OutputStyle))
#25 /var/www/html/M07_tenda/vendor/symfony/console/Application.php(946): Illuminate\\Console\\Command->run(Object(Symfony\\Component\\Console\\Input\\ArgvInput), Object(Symfony\\Component\\Console\\Output\\ConsoleOutput))
#26 /var/www/html/M07_tenda/vendor/symfony/console/Application.php(248): Symfony\\Component\\Console\\Application->doRunCommand(Object(Illuminate\\Database\\Console\\Migrations\\MigrateCommand), Object(Symfony\\Component\\Console\\Input\\ArgvInput), Object(Symfony\\Component\\Console\\Output\\ConsoleOutput))
#27 /var/www/html/M07_tenda/vendor/symfony/console/Application.php(148): Symfony\\Component\\Console\\Application->doRun(Object(Symfony\\Component\\Console\\Input\\ArgvInput), Object(Symfony\\Component\\Console\\Output\\ConsoleOutput))
#28 /var/www/html/M07_tenda/vendor/laravel/framework/src/Illuminate/Console/Application.php(88): Symfony\\Component\\Console\\Application->run(Object(Symfony\\Component\\Console\\Input\\ArgvInput), Object(Symfony\\Component\\Console\\Output\\ConsoleOutput))
#29 /var/www/html/M07_tenda/vendor/laravel/framework/src/Illuminate/Foundation/Console/Kernel.php(121): Illuminate\\Console\\Application->run(Object(Symfony\\Component\\Console\\Input\\ArgvInput), Object(Symfony\\Component\\Console\\Output\\ConsoleOutput))
#30 /var/www/html/M07_tenda/artisan(37): Illuminate\\Foundation\\Console\\Kernel->handle(Object(Symfony\\Component\\Console\\Input\\ArgvInput), Object(Symfony\\Component\\Console\\Output\\ConsoleOutput))
#31 {main}
"} 
[2018-02-04 14:16:10] production.ERROR: SQLSTATE[HY000] [1045] Access denied for user 'forge'@'localhost' (using password: NO) (SQL: select * from information_schema.tables where table_schema = forge and table_name = migrations) {"exception":"[object] (Illuminate\\Database\\QueryException(code: 1045): SQLSTATE[HY000] [1045] Access denied for user 'forge'@'localhost' (using password: NO) (SQL: select * from information_schema.tables where table_schema = forge and table_name = migrations) at /var/www/html/M07_tenda/vendor/laravel/framework/src/Illuminate/Database/Connection.php:664, PDOException(code: 1045): SQLSTATE[HY000] [1045] Access denied for user 'forge'@'localhost' (using password: NO) at /var/www/html/M07_tenda/vendor/laravel/framework/src/Illuminate/Database/Connectors/Connector.php:67)
[stacktrace]
#0 /var/www/html/M07_tenda/vendor/laravel/framework/src/Illuminate/Database/Connection.php(624): Illuminate\\Database\\Connection->runQueryCallback('select * from i...', Array, Object(Closure))
#1 /var/www/html/M07_tenda/vendor/laravel/framework/src/Illuminate/Database/Connection.php(333): Illuminate\\Database\\Connection->run('select * from i...', Array, Object(Closure))
#2 /var/www/html/M07_tenda/vendor/laravel/framework/src/Illuminate/Database/Schema/MySqlBuilder.php(18): Illuminate\\Database\\Connection->select('select * from i...', Array)
#3 /var/www/html/M07_tenda/vendor/laravel/framework/src/Illuminate/Database/Migrations/DatabaseMigrationRepository.php(156): Illuminate\\Database\\Schema\\MySqlBuilder->hasTable('migrations')
#4 /var/www/html/M07_tenda/vendor/laravel/framework/src/Illuminate/Database/Migrations/Migrator.php(545): Illuminate\\Database\\Migrations\\DatabaseMigrationRepository->repositoryExists()
#5 /var/www/html/M07_tenda/vendor/laravel/framework/src/Illuminate/Database/Console/Migrations/MigrateCommand.php(96): Illuminate\\Database\\Migrations\\Migrator->repositoryExists()
#6 /var/www/html/M07_tenda/vendor/laravel/framework/src/Illuminate/Database/Console/Migrations/MigrateCommand.php(62): Illuminate\\Database\\Console\\Migrations\\MigrateCommand->prepareDatabase()
#7 [internal function]: Illuminate\\Database\\Console\\Migrations\\MigrateCommand->handle()
#8 /var/www/html/M07_tenda/vendor/laravel/framework/src/Illuminate/Container/BoundMethod.php(29): call_user_func_array(Array, Array)
#9 /var/www/html/M07_tenda/vendor/laravel/framework/src/Illuminate/Container/BoundMethod.php(87): Illuminate\\Container\\BoundMethod::Illuminate\\Container\\{closure}()
#10 /var/www/html/M07_tenda/vendor/laravel/framework/src/Illuminate/Container/BoundMethod.php(31): Illuminate\\Container\\BoundMethod::callBoundMethod(Object(Illuminate\\Foundation\\Application), Array, Object(Closure))
#11 /var/www/html/M07_tenda/vendor/laravel/framework/src/Illuminate/Container/Container.php(549): Illuminate\\Container\\BoundMethod::call(Object(Illuminate\\Foundation\\Application), Array, Array, NULL)
#12 /var/www/html/M07_tenda/vendor/laravel/framework/src/Illuminate/Console/Command.php(183): Illuminate\\Container\\Container->call(Array)
#13 /var/www/html/M07_tenda/vendor/symfony/console/Command/Command.php(252): Illuminate\\Console\\Command->execute(Object(Symfony\\Component\\Console\\Input\\ArgvInput), Object(Illuminate\\Console\\OutputStyle))
#14 /var/www/html/M07_tenda/vendor/laravel/framework/src/Illuminate/Console/Command.php(170): Symfony\\Component\\Console\\Command\\Command->run(Object(Symfony\\Component\\Console\\Input\\ArgvInput), Object(Illuminate\\Console\\OutputStyle))
#15 /var/www/html/M07_tenda/vendor/symfony/console/Application.php(946): Illuminate\\Console\\Command->run(Object(Symfony\\Component\\Console\\Input\\ArgvInput), Object(Symfony\\Component\\Console\\Output\\ConsoleOutput))
#16 /var/www/html/M07_tenda/vendor/symfony/console/Application.php(248): Symfony\\Component\\Console\\Application->doRunCommand(Object(Illuminate\\Database\\Console\\Migrations\\MigrateCommand), Object(Symfony\\Component\\Console\\Input\\ArgvInput), Object(Symfony\\Component\\Console\\Output\\ConsoleOutput))
#17 /var/www/html/M07_tenda/vendor/symfony/console/Application.php(148): Symfony\\Component\\Console\\Application->doRun(Object(Symfony\\Component\\Console\\Input\\ArgvInput), Object(Symfony\\Component\\Console\\Output\\ConsoleOutput))
#18 /var/www/html/M07_tenda/vendor/laravel/framework/src/Illuminate/Console/Application.php(88): Symfony\\Component\\Console\\Application->run(Object(Symfony\\Component\\Console\\Input\\ArgvInput), Object(Symfony\\Component\\Console\\Output\\ConsoleOutput))
#19 /var/www/html/M07_tenda/vendor/laravel/framework/src/Illuminate/Foundation/Console/Kernel.php(121): Illuminate\\Console\\Application->run(Object(Symfony\\Component\\Console\\Input\\ArgvInput), Object(Symfony\\Component\\Console\\Output\\ConsoleOutput))
#20 /var/www/html/M07_tenda/artisan(37): Illuminate\\Foundation\\Console\\Kernel->handle(Object(Symfony\\Component\\Console\\Input\\ArgvInput), Object(Symfony\\Component\\Console\\Output\\ConsoleOutput))
#21 {main}
"} 
[2018-02-04 14:25:11] production.ERROR: SQLSTATE[HY000] [1045] Access denied for user 'forge'@'localhost' (using password: NO) {"exception":"[object] (Doctrine\\DBAL\\Driver\\PDOException(code: 1045): SQLSTATE[HY000] [1045] Access denied for user 'forge'@'localhost' (using password: NO) at /var/www/html/M07_tenda/vendor/doctrine/dbal/lib/Doctrine/DBAL/Driver/PDOConnection.php:47, PDOException(code: 1045): SQLSTATE[HY000] [1045] Access denied for user 'forge'@'localhost' (using password: NO) at /var/www/html/M07_tenda/vendor/doctrine/dbal/lib/Doctrine/DBAL/Driver/PDOConnection.php:43)
[stacktrace]
#0 /var/www/html/M07_tenda/vendor/laravel/framework/src/Illuminate/Database/Connectors/Connector.php(64): Doctrine\\DBAL\\Driver\\PDOConnection->__construct('mysql:host=127....', 'forge', '', Array)
#1 /var/www/html/M07_tenda/vendor/laravel/framework/src/Illuminate/Database/Connectors/Connector.php(43): Illuminate\\Database\\Connectors\\Connector->createPdoConnection('mysql:host=127....', 'forge', '', Array)
#2 /var/www/html/M07_tenda/vendor/laravel/framework/src/Illuminate/Database/Connectors/MySqlConnector.php(24): Illuminate\\Database\\Connectors\\Connector->createConnection('mysql:host=127....', Array, Array)
#3 /var/www/html/M07_tenda/vendor/laravel/framework/src/Illuminate/Database/Connectors/ConnectionFactory.php(183): Illuminate\\Database\\Connectors\\MySqlConnector->connect(Array)
#4 [internal function]: Illuminate\\Database\\Connectors\\ConnectionFactory->Illuminate\\Database\\Connectors\\{closure}()
#5 /var/www/html/M07_tenda/vendor/laravel/framework/src/Illuminate/Database/Connection.php(915): call_user_func(Object(Closure))
#6 /var/www/html/M07_tenda/vendor/laravel/framework/src/Illuminate/Database/Connection.php(940): Illuminate\\Database\\Connection->getPdo()
#7 /var/www/html/M07_tenda/vendor/laravel/framework/src/Illuminate/Database/Connection.php(399): Illuminate\\Database\\Connection->getReadPdo()
#8 /var/www/html/M07_tenda/vendor/laravel/framework/src/Illuminate/Database/Connection.php(325): Illuminate\\Database\\Connection->getPdoForSelect(true)
#9 /var/www/html/M07_tenda/vendor/laravel/framework/src/Illuminate/Database/Connection.php(657): Illuminate\\Database\\Connection->Illuminate\\Database\\{closure}('select * from i...', Array)
#10 /var/www/html/M07_tenda/vendor/laravel/framework/src/Illuminate/Database/Connection.php(624): Illuminate\\Database\\Connection->runQueryCallback('select * from i...', Array, Object(Closure))
#11 /var/www/html/M07_tenda/vendor/laravel/framework/src/Illuminate/Database/Connection.php(333): Illuminate\\Database\\Connection->run('select * from i...', Array, Object(Closure))
#12 /var/www/html/M07_tenda/vendor/laravel/framework/src/Illuminate/Database/Schema/MySqlBuilder.php(18): Illuminate\\Database\\Connection->select('select * from i...', Array)
#13 /var/www/html/M07_tenda/vendor/laravel/framework/src/Illuminate/Database/Migrations/DatabaseMigrationRepository.php(156): Illuminate\\Database\\Schema\\MySqlBuilder->hasTable('migrations')
#14 /var/www/html/M07_tenda/vendor/laravel/framework/src/Illuminate/Database/Migrations/Migrator.php(545): Illuminate\\Database\\Migrations\\DatabaseMigrationRepository->repositoryExists()
#15 /var/www/html/M07_tenda/vendor/laravel/framework/src/Illuminate/Database/Console/Migrations/MigrateCommand.php(96): Illuminate\\Database\\Migrations\\Migrator->repositoryExists()
#16 /var/www/html/M07_tenda/vendor/laravel/framework/src/Illuminate/Database/Console/Migrations/MigrateCommand.php(62): Illuminate\\Database\\Console\\Migrations\\MigrateCommand->prepareDatabase()
#17 [internal function]: Illuminate\\Database\\Console\\Migrations\\MigrateCommand->handle()
#18 /var/www/html/M07_tenda/vendor/laravel/framework/src/Illuminate/Container/BoundMethod.php(29): call_user_func_array(Array, Array)
#19 /var/www/html/M07_tenda/vendor/laravel/framework/src/Illuminate/Container/BoundMethod.php(87): Illuminate\\Container\\BoundMethod::Illuminate\\Container\\{closure}()
#20 /var/www/html/M07_tenda/vendor/laravel/framework/src/Illuminate/Container/BoundMethod.php(31): Illuminate\\Container\\BoundMethod::callBoundMethod(Object(Illuminate\\Foundation\\Application), Array, Object(Closure))
#21 /var/www/html/M07_tenda/vendor/laravel/framework/src/Illuminate/Container/Container.php(549): Illuminate\\Container\\BoundMethod::call(Object(Illuminate\\Foundation\\Application), Array, Array, NULL)
#22 /var/www/html/M07_tenda/vendor/laravel/framework/src/Illuminate/Console/Command.php(183): Illuminate\\Container\\Container->call(Array)
#23 /var/www/html/M07_tenda/vendor/symfony/console/Command/Command.php(252): Illuminate\\Console\\Command->execute(Object(Symfony\\Component\\Console\\Input\\ArgvInput), Object(Illuminate\\Console\\OutputStyle))
#24 /var/www/html/M07_tenda/vendor/laravel/framework/src/Illuminate/Console/Command.php(170): Symfony\\Component\\Console\\Command\\Command->run(Object(Symfony\\Component\\Console\\Input\\ArgvInput), Object(Illuminate\\Console\\OutputStyle))
#25 /var/www/html/M07_tenda/vendor/symfony/console/Application.php(946): Illuminate\\Console\\Command->run(Object(Symfony\\Component\\Console\\Input\\ArgvInput), Object(Symfony\\Component\\Console\\Output\\ConsoleOutput))
#26 /var/www/html/M07_tenda/vendor/symfony/console/Application.php(248): Symfony\\Component\\Console\\Application->doRunCommand(Object(Illuminate\\Database\\Console\\Migrations\\MigrateCommand), Object(Symfony\\Component\\Console\\Input\\ArgvInput), Object(Symfony\\Component\\Console\\Output\\ConsoleOutput))
#27 /var/www/html/M07_tenda/vendor/symfony/console/Application.php(148): Symfony\\Component\\Console\\Application->doRun(Object(Symfony\\Component\\Console\\Input\\ArgvInput), Object(Symfony\\Component\\Console\\Output\\ConsoleOutput))
#28 /var/www/html/M07_tenda/vendor/laravel/framework/src/Illuminate/Console/Application.php(88): Symfony\\Component\\Console\\Application->run(Object(Symfony\\Component\\Console\\Input\\ArgvInput), Object(Symfony\\Component\\Console\\Output\\ConsoleOutput))
#29 /var/www/html/M07_tenda/vendor/laravel/framework/src/Illuminate/Foundation/Console/Kernel.php(121): Illuminate\\Console\\Application->run(Object(Symfony\\Component\\Console\\Input\\ArgvInput), Object(Symfony\\Component\\Console\\Output\\ConsoleOutput))
#30 /var/www/html/M07_tenda/artisan(37): Illuminate\\Foundation\\Console\\Kernel->handle(Object(Symfony\\Component\\Console\\Input\\ArgvInput), Object(Symfony\\Component\\Console\\Output\\ConsoleOutput))
#31 {main}
"} 
[2018-02-04 14:25:11] production.ERROR: SQLSTATE[HY000] [1045] Access denied for user 'forge'@'localhost' (using password: NO) (SQL: select * from information_schema.tables where table_schema = forge and table_name = migrations) {"exception":"[object] (Illuminate\\Database\\QueryException(code: 1045): SQLSTATE[HY000] [1045] Access denied for user 'forge'@'localhost' (using password: NO) (SQL: select * from information_schema.tables where table_schema = forge and table_name = migrations) at /var/www/html/M07_tenda/vendor/laravel/framework/src/Illuminate/Database/Connection.php:664, Doctrine\\DBAL\\Driver\\PDOException(code: 1045): SQLSTATE[HY000] [1045] Access denied for user 'forge'@'localhost' (using password: NO) at /var/www/html/M07_tenda/vendor/doctrine/dbal/lib/Doctrine/DBAL/Driver/PDOConnection.php:47, PDOException(code: 1045): SQLSTATE[HY000] [1045] Access denied for user 'forge'@'localhost' (using password: NO) at /var/www/html/M07_tenda/vendor/doctrine/dbal/lib/Doctrine/DBAL/Driver/PDOConnection.php:43)
[stacktrace]
#0 /var/www/html/M07_tenda/vendor/laravel/framework/src/Illuminate/Database/Connection.php(624): Illuminate\\Database\\Connection->runQueryCallback('select * from i...', Array, Object(Closure))
#1 /var/www/html/M07_tenda/vendor/laravel/framework/src/Illuminate/Database/Connection.php(333): Illuminate\\Database\\Connection->run('select * from i...', Array, Object(Closure))
#2 /var/www/html/M07_tenda/vendor/laravel/framework/src/Illuminate/Database/Schema/MySqlBuilder.php(18): Illuminate\\Database\\Connection->select('select * from i...', Array)
#3 /var/www/html/M07_tenda/vendor/laravel/framework/src/Illuminate/Database/Migrations/DatabaseMigrationRepository.php(156): Illuminate\\Database\\Schema\\MySqlBuilder->hasTable('migrations')
#4 /var/www/html/M07_tenda/vendor/laravel/framework/src/Illuminate/Database/Migrations/Migrator.php(545): Illuminate\\Database\\Migrations\\DatabaseMigrationRepository->repositoryExists()
#5 /var/www/html/M07_tenda/vendor/laravel/framework/src/Illuminate/Database/Console/Migrations/MigrateCommand.php(96): Illuminate\\Database\\Migrations\\Migrator->repositoryExists()
#6 /var/www/html/M07_tenda/vendor/laravel/framework/src/Illuminate/Database/Console/Migrations/MigrateCommand.php(62): Illuminate\\Database\\Console\\Migrations\\MigrateCommand->prepareDatabase()
#7 [internal function]: Illuminate\\Database\\Console\\Migrations\\MigrateCommand->handle()
#8 /var/www/html/M07_tenda/vendor/laravel/framework/src/Illuminate/Container/BoundMethod.php(29): call_user_func_array(Array, Array)
#9 /var/www/html/M07_tenda/vendor/laravel/framework/src/Illuminate/Container/BoundMethod.php(87): Illuminate\\Container\\BoundMethod::Illuminate\\Container\\{closure}()
#10 /var/www/html/M07_tenda/vendor/laravel/framework/src/Illuminate/Container/BoundMethod.php(31): Illuminate\\Container\\BoundMethod::callBoundMethod(Object(Illuminate\\Foundation\\Application), Array, Object(Closure))
#11 /var/www/html/M07_tenda/vendor/laravel/framework/src/Illuminate/Container/Container.php(549): Illuminate\\Container\\BoundMethod::call(Object(Illuminate\\Foundation\\Application), Array, Array, NULL)
#12 /var/www/html/M07_tenda/vendor/laravel/framework/src/Illuminate/Console/Command.php(183): Illuminate\\Container\\Container->call(Array)
#13 /var/www/html/M07_tenda/vendor/symfony/console/Command/Command.php(252): Illuminate\\Console\\Command->execute(Object(Symfony\\Component\\Console\\Input\\ArgvInput), Object(Illuminate\\Console\\OutputStyle))
#14 /var/www/html/M07_tenda/vendor/laravel/framework/src/Illuminate/Console/Command.php(170): Symfony\\Component\\Console\\Command\\Command->run(Object(Symfony\\Component\\Console\\Input\\ArgvInput), Object(Illuminate\\Console\\OutputStyle))
#15 /var/www/html/M07_tenda/vendor/symfony/console/Application.php(946): Illuminate\\Console\\Command->run(Object(Symfony\\Component\\Console\\Input\\ArgvInput), Object(Symfony\\Component\\Console\\Output\\ConsoleOutput))
#16 /var/www/html/M07_tenda/vendor/symfony/console/Application.php(248): Symfony\\Component\\Console\\Application->doRunCommand(Object(Illuminate\\Database\\Console\\Migrations\\MigrateCommand), Object(Symfony\\Component\\Console\\Input\\ArgvInput), Object(Symfony\\Component\\Console\\Output\\ConsoleOutput))
#17 /var/www/html/M07_tenda/vendor/symfony/console/Application.php(148): Symfony\\Component\\Console\\Application->doRun(Object(Symfony\\Component\\Console\\Input\\ArgvInput), Object(Symfony\\Component\\Console\\Output\\ConsoleOutput))
#18 /var/www/html/M07_tenda/vendor/laravel/framework/src/Illuminate/Console/Application.php(88): Symfony\\Component\\Console\\Application->run(Object(Symfony\\Component\\Console\\Input\\ArgvInput), Object(Symfony\\Component\\Console\\Output\\ConsoleOutput))
#19 /var/www/html/M07_tenda/vendor/laravel/framework/src/Illuminate/Foundation/Console/Kernel.php(121): Illuminate\\Console\\Application->run(Object(Symfony\\Component\\Console\\Input\\ArgvInput), Object(Symfony\\Component\\Console\\Output\\ConsoleOutput))
#20 /var/www/html/M07_tenda/artisan(37): Illuminate\\Foundation\\Console\\Kernel->handle(Object(Symfony\\Component\\Console\\Input\\ArgvInput), Object(Symfony\\Component\\Console\\Output\\ConsoleOutput))
#21 {main}
"} 
[2018-02-04 14:31:49] local.ERROR: SQLSTATE[HY000] [1045] Access denied for user 'phpmyadmin'@'localhost' (using password: YES) {"exception":"[object] (Doctrine\\DBAL\\Driver\\PDOException(code: 1045): SQLSTATE[HY000] [1045] Access denied for user 'phpmyadmin'@'localhost' (using password: YES) at /var/www/html/M07_tenda/vendor/doctrine/dbal/lib/Doctrine/DBAL/Driver/PDOConnection.php:47, PDOException(code: 1045): SQLSTATE[HY000] [1045] Access denied for user 'phpmyadmin'@'localhost' (using password: YES) at /var/www/html/M07_tenda/vendor/doctrine/dbal/lib/Doctrine/DBAL/Driver/PDOConnection.php:43)
[stacktrace]
#0 /var/www/html/M07_tenda/vendor/laravel/framework/src/Illuminate/Database/Connectors/Connector.php(64): Doctrine\\DBAL\\Driver\\PDOConnection->__construct('mysql:host=127....', 'phpmyadmin', 'Drakart22', Array)
#1 /var/www/html/M07_tenda/vendor/laravel/framework/src/Illuminate/Database/Connectors/Connector.php(43): Illuminate\\Database\\Connectors\\Connector->createPdoConnection('mysql:host=127....', 'phpmyadmin', 'Drakart22', Array)
#2 /var/www/html/M07_tenda/vendor/laravel/framework/src/Illuminate/Database/Connectors/MySqlConnector.php(24): Illuminate\\Database\\Connectors\\Connector->createConnection('mysql:host=127....', Array, Array)
#3 /var/www/html/M07_tenda/vendor/laravel/framework/src/Illuminate/Database/Connectors/ConnectionFactory.php(183): Illuminate\\Database\\Connectors\\MySqlConnector->connect(Array)
#4 [internal function]: Illuminate\\Database\\Connectors\\ConnectionFactory->Illuminate\\Database\\Connectors\\{closure}()
#5 /var/www/html/M07_tenda/vendor/laravel/framework/src/Illuminate/Database/Connection.php(915): call_user_func(Object(Closure))
#6 /var/www/html/M07_tenda/vendor/laravel/framework/src/Illuminate/Database/Connection.php(940): Illuminate\\Database\\Connection->getPdo()
#7 /var/www/html/M07_tenda/vendor/laravel/framework/src/Illuminate/Database/Connection.php(399): Illuminate\\Database\\Connection->getReadPdo()
#8 /var/www/html/M07_tenda/vendor/laravel/framework/src/Illuminate/Database/Connection.php(325): Illuminate\\Database\\Connection->getPdoForSelect(true)
#9 /var/www/html/M07_tenda/vendor/laravel/framework/src/Illuminate/Database/Connection.php(657): Illuminate\\Database\\Connection->Illuminate\\Database\\{closure}('select * from i...', Array)
#10 /var/www/html/M07_tenda/vendor/laravel/framework/src/Illuminate/Database/Connection.php(624): Illuminate\\Database\\Connection->runQueryCallback('select * from i...', Array, Object(Closure))
#11 /var/www/html/M07_tenda/vendor/laravel/framework/src/Illuminate/Database/Connection.php(333): Illuminate\\Database\\Connection->run('select * from i...', Array, Object(Closure))
#12 /var/www/html/M07_tenda/vendor/laravel/framework/src/Illuminate/Database/Schema/MySqlBuilder.php(18): Illuminate\\Database\\Connection->select('select * from i...', Array)
#13 /var/www/html/M07_tenda/vendor/laravel/framework/src/Illuminate/Database/Migrations/DatabaseMigrationRepository.php(156): Illuminate\\Database\\Schema\\MySqlBuilder->hasTable('migrations')
#14 /var/www/html/M07_tenda/vendor/laravel/framework/src/Illuminate/Database/Migrations/Migrator.php(545): Illuminate\\Database\\Migrations\\DatabaseMigrationRepository->repositoryExists()
#15 /var/www/html/M07_tenda/vendor/laravel/framework/src/Illuminate/Database/Console/Migrations/MigrateCommand.php(96): Illuminate\\Database\\Migrations\\Migrator->repositoryExists()
#16 /var/www/html/M07_tenda/vendor/laravel/framework/src/Illuminate/Database/Console/Migrations/MigrateCommand.php(62): Illuminate\\Database\\Console\\Migrations\\MigrateCommand->prepareDatabase()
#17 [internal function]: Illuminate\\Database\\Console\\Migrations\\MigrateCommand->handle()
#18 /var/www/html/M07_tenda/vendor/laravel/framework/src/Illuminate/Container/BoundMethod.php(29): call_user_func_array(Array, Array)
#19 /var/www/html/M07_tenda/vendor/laravel/framework/src/Illuminate/Container/BoundMethod.php(87): Illuminate\\Container\\BoundMethod::Illuminate\\Container\\{closure}()
#20 /var/www/html/M07_tenda/vendor/laravel/framework/src/Illuminate/Container/BoundMethod.php(31): Illuminate\\Container\\BoundMethod::callBoundMethod(Object(Illuminate\\Foundation\\Application), Array, Object(Closure))
#21 /var/www/html/M07_tenda/vendor/laravel/framework/src/Illuminate/Container/Container.php(549): Illuminate\\Container\\BoundMethod::call(Object(Illuminate\\Foundation\\Application), Array, Array, NULL)
#22 /var/www/html/M07_tenda/vendor/laravel/framework/src/Illuminate/Console/Command.php(183): Illuminate\\Container\\Container->call(Array)
#23 /var/www/html/M07_tenda/vendor/symfony/console/Command/Command.php(252): Illuminate\\Console\\Command->execute(Object(Symfony\\Component\\Console\\Input\\ArgvInput), Object(Illuminate\\Console\\OutputStyle))
#24 /var/www/html/M07_tenda/vendor/laravel/framework/src/Illuminate/Console/Command.php(170): Symfony\\Component\\Console\\Command\\Command->run(Object(Symfony\\Component\\Console\\Input\\ArgvInput), Object(Illuminate\\Console\\OutputStyle))
#25 /var/www/html/M07_tenda/vendor/symfony/console/Application.php(946): Illuminate\\Console\\Command->run(Object(Symfony\\Component\\Console\\Input\\ArgvInput), Object(Symfony\\Component\\Console\\Output\\ConsoleOutput))
#26 /var/www/html/M07_tenda/vendor/symfony/console/Application.php(248): Symfony\\Component\\Console\\Application->doRunCommand(Object(Illuminate\\Database\\Console\\Migrations\\MigrateCommand), Object(Symfony\\Component\\Console\\Input\\ArgvInput), Object(Symfony\\Component\\Console\\Output\\ConsoleOutput))
#27 /var/www/html/M07_tenda/vendor/symfony/console/Application.php(148): Symfony\\Component\\Console\\Application->doRun(Object(Symfony\\Component\\Console\\Input\\ArgvInput), Object(Symfony\\Component\\Console\\Output\\ConsoleOutput))
#28 /var/www/html/M07_tenda/vendor/laravel/framework/src/Illuminate/Console/Application.php(88): Symfony\\Component\\Console\\Application->run(Object(Symfony\\Component\\Console\\Input\\ArgvInput), Object(Symfony\\Component\\Console\\Output\\ConsoleOutput))
#29 /var/www/html/M07_tenda/vendor/laravel/framework/src/Illuminate/Foundation/Console/Kernel.php(121): Illuminate\\Console\\Application->run(Object(Symfony\\Component\\Console\\Input\\ArgvInput), Object(Symfony\\Component\\Console\\Output\\ConsoleOutput))
#30 /var/www/html/M07_tenda/artisan(37): Illuminate\\Foundation\\Console\\Kernel->handle(Object(Symfony\\Component\\Console\\Input\\ArgvInput), Object(Symfony\\Component\\Console\\Output\\ConsoleOutput))
#31 {main}
"} 
[2018-02-04 14:31:49] local.ERROR: SQLSTATE[HY000] [1045] Access denied for user 'phpmyadmin'@'localhost' (using password: YES) (SQL: select * from information_schema.tables where table_schema = m07_tenda and table_name = migrations) {"exception":"[object] (Illuminate\\Database\\QueryException(code: 1045): SQLSTATE[HY000] [1045] Access denied for user 'phpmyadmin'@'localhost' (using password: YES) (SQL: select * from information_schema.tables where table_schema = m07_tenda and table_name = migrations) at /var/www/html/M07_tenda/vendor/laravel/framework/src/Illuminate/Database/Connection.php:664, Doctrine\\DBAL\\Driver\\PDOException(code: 1045): SQLSTATE[HY000] [1045] Access denied for user 'phpmyadmin'@'localhost' (using password: YES) at /var/www/html/M07_tenda/vendor/doctrine/dbal/lib/Doctrine/DBAL/Driver/PDOConnection.php:47, PDOException(code: 1045): SQLSTATE[HY000] [1045] Access denied for user 'phpmyadmin'@'localhost' (using password: YES) at /var/www/html/M07_tenda/vendor/doctrine/dbal/lib/Doctrine/DBAL/Driver/PDOConnection.php:43)
[stacktrace]
#0 /var/www/html/M07_tenda/vendor/laravel/framework/src/Illuminate/Database/Connection.php(624): Illuminate\\Database\\Connection->runQueryCallback('select * from i...', Array, Object(Closure))
#1 /var/www/html/M07_tenda/vendor/laravel/framework/src/Illuminate/Database/Connection.php(333): Illuminate\\Database\\Connection->run('select * from i...', Array, Object(Closure))
#2 /var/www/html/M07_tenda/vendor/laravel/framework/src/Illuminate/Database/Schema/MySqlBuilder.php(18): Illuminate\\Database\\Connection->select('select * from i...', Array)
#3 /var/www/html/M07_tenda/vendor/laravel/framework/src/Illuminate/Database/Migrations/DatabaseMigrationRepository.php(156): Illuminate\\Database\\Schema\\MySqlBuilder->hasTable('migrations')
#4 /var/www/html/M07_tenda/vendor/laravel/framework/src/Illuminate/Database/Migrations/Migrator.php(545): Illuminate\\Database\\Migrations\\DatabaseMigrationRepository->repositoryExists()
#5 /var/www/html/M07_tenda/vendor/laravel/framework/src/Illuminate/Database/Console/Migrations/MigrateCommand.php(96): Illuminate\\Database\\Migrations\\Migrator->repositoryExists()
#6 /var/www/html/M07_tenda/vendor/laravel/framework/src/Illuminate/Database/Console/Migrations/MigrateCommand.php(62): Illuminate\\Database\\Console\\Migrations\\MigrateCommand->prepareDatabase()
#7 [internal function]: Illuminate\\Database\\Console\\Migrations\\MigrateCommand->handle()
#8 /var/www/html/M07_tenda/vendor/laravel/framework/src/Illuminate/Container/BoundMethod.php(29): call_user_func_array(Array, Array)
#9 /var/www/html/M07_tenda/vendor/laravel/framework/src/Illuminate/Container/BoundMethod.php(87): Illuminate\\Container\\BoundMethod::Illuminate\\Container\\{closure}()
#10 /var/www/html/M07_tenda/vendor/laravel/framework/src/Illuminate/Container/BoundMethod.php(31): Illuminate\\Container\\BoundMethod::callBoundMethod(Object(Illuminate\\Foundation\\Application), Array, Object(Closure))
#11 /var/www/html/M07_tenda/vendor/laravel/framework/src/Illuminate/Container/Container.php(549): Illuminate\\Container\\BoundMethod::call(Object(Illuminate\\Foundation\\Application), Array, Array, NULL)
#12 /var/www/html/M07_tenda/vendor/laravel/framework/src/Illuminate/Console/Command.php(183): Illuminate\\Container\\Container->call(Array)
#13 /var/www/html/M07_tenda/vendor/symfony/console/Command/Command.php(252): Illuminate\\Console\\Command->execute(Object(Symfony\\Component\\Console\\Input\\ArgvInput), Object(Illuminate\\Console\\OutputStyle))
#14 /var/www/html/M07_tenda/vendor/laravel/framework/src/Illuminate/Console/Command.php(170): Symfony\\Component\\Console\\Command\\Command->run(Object(Symfony\\Component\\Console\\Input\\ArgvInput), Object(Illuminate\\Console\\OutputStyle))
#15 /var/www/html/M07_tenda/vendor/symfony/console/Application.php(946): Illuminate\\Console\\Command->run(Object(Symfony\\Component\\Console\\Input\\ArgvInput), Object(Symfony\\Component\\Console\\Output\\ConsoleOutput))
#16 /var/www/html/M07_tenda/vendor/symfony/console/Application.php(248): Symfony\\Component\\Console\\Application->doRunCommand(Object(Illuminate\\Database\\Console\\Migrations\\MigrateCommand), Object(Symfony\\Component\\Console\\Input\\ArgvInput), Object(Symfony\\Component\\Console\\Output\\ConsoleOutput))
#17 /var/www/html/M07_tenda/vendor/symfony/console/Application.php(148): Symfony\\Component\\Console\\Application->doRun(Object(Symfony\\Component\\Console\\Input\\ArgvInput), Object(Symfony\\Component\\Console\\Output\\ConsoleOutput))
#18 /var/www/html/M07_tenda/vendor/laravel/framework/src/Illuminate/Console/Application.php(88): Symfony\\Component\\Console\\Application->run(Object(Symfony\\Component\\Console\\Input\\ArgvInput), Object(Symfony\\Component\\Console\\Output\\ConsoleOutput))
#19 /var/www/html/M07_tenda/vendor/laravel/framework/src/Illuminate/Foundation/Console/Kernel.php(121): Illuminate\\Console\\Application->run(Object(Symfony\\Component\\Console\\Input\\ArgvInput), Object(Symfony\\Component\\Console\\Output\\ConsoleOutput))
#20 /var/www/html/M07_tenda/artisan(37): Illuminate\\Foundation\\Console\\Kernel->handle(Object(Symfony\\Component\\Console\\Input\\ArgvInput), Object(Symfony\\Component\\Console\\Output\\ConsoleOutput))
#21 {main}
"} 
[2018-02-04 14:32:23] local.ERROR: SQLSTATE[HY000] [1045] Access denied for user 'root'@'localhost' (using password: YES) {"exception":"[object] (Doctrine\\DBAL\\Driver\\PDOException(code: 1045): SQLSTATE[HY000] [1045] Access denied for user 'root'@'localhost' (using password: YES) at /var/www/html/M07_tenda/vendor/doctrine/dbal/lib/Doctrine/DBAL/Driver/PDOConnection.php:47, PDOException(code: 1045): SQLSTATE[HY000] [1045] Access denied for user 'root'@'localhost' (using password: YES) at /var/www/html/M07_tenda/vendor/doctrine/dbal/lib/Doctrine/DBAL/Driver/PDOConnection.php:43)
[stacktrace]
#0 /var/www/html/M07_tenda/vendor/laravel/framework/src/Illuminate/Database/Connectors/Connector.php(64): Doctrine\\DBAL\\Driver\\PDOConnection->__construct('mysql:host=127....', 'root', '1234', Array)
#1 /var/www/html/M07_tenda/vendor/laravel/framework/src/Illuminate/Database/Connectors/Connector.php(43): Illuminate\\Database\\Connectors\\Connector->createPdoConnection('mysql:host=127....', 'root', '1234', Array)
#2 /var/www/html/M07_tenda/vendor/laravel/framework/src/Illuminate/Database/Connectors/MySqlConnector.php(24): Illuminate\\Database\\Connectors\\Connector->createConnection('mysql:host=127....', Array, Array)
#3 /var/www/html/M07_tenda/vendor/laravel/framework/src/Illuminate/Database/Connectors/ConnectionFactory.php(183): Illuminate\\Database\\Connectors\\MySqlConnector->connect(Array)
#4 [internal function]: Illuminate\\Database\\Connectors\\ConnectionFactory->Illuminate\\Database\\Connectors\\{closure}()
#5 /var/www/html/M07_tenda/vendor/laravel/framework/src/Illuminate/Database/Connection.php(915): call_user_func(Object(Closure))
#6 /var/www/html/M07_tenda/vendor/laravel/framework/src/Illuminate/Database/Connection.php(940): Illuminate\\Database\\Connection->getPdo()
#7 /var/www/html/M07_tenda/vendor/laravel/framework/src/Illuminate/Database/Connection.php(399): Illuminate\\Database\\Connection->getReadPdo()
#8 /var/www/html/M07_tenda/vendor/laravel/framework/src/Illuminate/Database/Connection.php(325): Illuminate\\Database\\Connection->getPdoForSelect(true)
#9 /var/www/html/M07_tenda/vendor/laravel/framework/src/Illuminate/Database/Connection.php(657): Illuminate\\Database\\Connection->Illuminate\\Database\\{closure}('select * from i...', Array)
#10 /var/www/html/M07_tenda/vendor/laravel/framework/src/Illuminate/Database/Connection.php(624): Illuminate\\Database\\Connection->runQueryCallback('select * from i...', Array, Object(Closure))
#11 /var/www/html/M07_tenda/vendor/laravel/framework/src/Illuminate/Database/Connection.php(333): Illuminate\\Database\\Connection->run('select * from i...', Array, Object(Closure))
#12 /var/www/html/M07_tenda/vendor/laravel/framework/src/Illuminate/Database/Schema/MySqlBuilder.php(18): Illuminate\\Database\\Connection->select('select * from i...', Array)
#13 /var/www/html/M07_tenda/vendor/laravel/framework/src/Illuminate/Database/Migrations/DatabaseMigrationRepository.php(156): Illuminate\\Database\\Schema\\MySqlBuilder->hasTable('migrations')
#14 /var/www/html/M07_tenda/vendor/laravel/framework/src/Illuminate/Database/Migrations/Migrator.php(545): Illuminate\\Database\\Migrations\\DatabaseMigrationRepository->repositoryExists()
#15 /var/www/html/M07_tenda/vendor/laravel/framework/src/Illuminate/Database/Console/Migrations/MigrateCommand.php(96): Illuminate\\Database\\Migrations\\Migrator->repositoryExists()
#16 /var/www/html/M07_tenda/vendor/laravel/framework/src/Illuminate/Database/Console/Migrations/MigrateCommand.php(62): Illuminate\\Database\\Console\\Migrations\\MigrateCommand->prepareDatabase()
#17 [internal function]: Illuminate\\Database\\Console\\Migrations\\MigrateCommand->handle()
#18 /var/www/html/M07_tenda/vendor/laravel/framework/src/Illuminate/Container/BoundMethod.php(29): call_user_func_array(Array, Array)
#19 /var/www/html/M07_tenda/vendor/laravel/framework/src/Illuminate/Container/BoundMethod.php(87): Illuminate\\Container\\BoundMethod::Illuminate\\Container\\{closure}()
#20 /var/www/html/M07_tenda/vendor/laravel/framework/src/Illuminate/Container/BoundMethod.php(31): Illuminate\\Container\\BoundMethod::callBoundMethod(Object(Illuminate\\Foundation\\Application), Array, Object(Closure))
#21 /var/www/html/M07_tenda/vendor/laravel/framework/src/Illuminate/Container/Container.php(549): Illuminate\\Container\\BoundMethod::call(Object(Illuminate\\Foundation\\Application), Array, Array, NULL)
#22 /var/www/html/M07_tenda/vendor/laravel/framework/src/Illuminate/Console/Command.php(183): Illuminate\\Container\\Container->call(Array)
#23 /var/www/html/M07_tenda/vendor/symfony/console/Command/Command.php(252): Illuminate\\Console\\Command->execute(Object(Symfony\\Component\\Console\\Input\\ArgvInput), Object(Illuminate\\Console\\OutputStyle))
#24 /var/www/html/M07_tenda/vendor/laravel/framework/src/Illuminate/Console/Command.php(170): Symfony\\Component\\Console\\Command\\Command->run(Object(Symfony\\Component\\Console\\Input\\ArgvInput), Object(Illuminate\\Console\\OutputStyle))
#25 /var/www/html/M07_tenda/vendor/symfony/console/Application.php(946): Illuminate\\Console\\Command->run(Object(Symfony\\Component\\Console\\Input\\ArgvInput), Object(Symfony\\Component\\Console\\Output\\ConsoleOutput))
#26 /var/www/html/M07_tenda/vendor/symfony/console/Application.php(248): Symfony\\Component\\Console\\Application->doRunCommand(Object(Illuminate\\Database\\Console\\Migrations\\MigrateCommand), Object(Symfony\\Component\\Console\\Input\\ArgvInput), Object(Symfony\\Component\\Console\\Output\\ConsoleOutput))
#27 /var/www/html/M07_tenda/vendor/symfony/console/Application.php(148): Symfony\\Component\\Console\\Application->doRun(Object(Symfony\\Component\\Console\\Input\\ArgvInput), Object(Symfony\\Component\\Console\\Output\\ConsoleOutput))
#28 /var/www/html/M07_tenda/vendor/laravel/framework/src/Illuminate/Console/Application.php(88): Symfony\\Component\\Console\\Application->run(Object(Symfony\\Component\\Console\\Input\\ArgvInput), Object(Symfony\\Component\\Console\\Output\\ConsoleOutput))
#29 /var/www/html/M07_tenda/vendor/laravel/framework/src/Illuminate/Foundation/Console/Kernel.php(121): Illuminate\\Console\\Application->run(Object(Symfony\\Component\\Console\\Input\\ArgvInput), Object(Symfony\\Component\\Console\\Output\\ConsoleOutput))
#30 /var/www/html/M07_tenda/artisan(37): Illuminate\\Foundation\\Console\\Kernel->handle(Object(Symfony\\Component\\Console\\Input\\ArgvInput), Object(Symfony\\Component\\Console\\Output\\ConsoleOutput))
#31 {main}
"} 
[2018-02-04 14:32:23] local.ERROR: SQLSTATE[HY000] [1045] Access denied for user 'root'@'localhost' (using password: YES) (SQL: select * from information_schema.tables where table_schema = m07_tenda and table_name = migrations) {"exception":"[object] (Illuminate\\Database\\QueryException(code: 1045): SQLSTATE[HY000] [1045] Access denied for user 'root'@'localhost' (using password: YES) (SQL: select * from information_schema.tables where table_schema = m07_tenda and table_name = migrations) at /var/www/html/M07_tenda/vendor/laravel/framework/src/Illuminate/Database/Connection.php:664, Doctrine\\DBAL\\Driver\\PDOException(code: 1045): SQLSTATE[HY000] [1045] Access denied for user 'root'@'localhost' (using password: YES) at /var/www/html/M07_tenda/vendor/doctrine/dbal/lib/Doctrine/DBAL/Driver/PDOConnection.php:47, PDOException(code: 1045): SQLSTATE[HY000] [1045] Access denied for user 'root'@'localhost' (using password: YES) at /var/www/html/M07_tenda/vendor/doctrine/dbal/lib/Doctrine/DBAL/Driver/PDOConnection.php:43)
[stacktrace]
#0 /var/www/html/M07_tenda/vendor/laravel/framework/src/Illuminate/Database/Connection.php(624): Illuminate\\Database\\Connection->runQueryCallback('select * from i...', Array, Object(Closure))
#1 /var/www/html/M07_tenda/vendor/laravel/framework/src/Illuminate/Database/Connection.php(333): Illuminate\\Database\\Connection->run('select * from i...', Array, Object(Closure))
#2 /var/www/html/M07_tenda/vendor/laravel/framework/src/Illuminate/Database/Schema/MySqlBuilder.php(18): Illuminate\\Database\\Connection->select('select * from i...', Array)
#3 /var/www/html/M07_tenda/vendor/laravel/framework/src/Illuminate/Database/Migrations/DatabaseMigrationRepository.php(156): Illuminate\\Database\\Schema\\MySqlBuilder->hasTable('migrations')
#4 /var/www/html/M07_tenda/vendor/laravel/framework/src/Illuminate/Database/Migrations/Migrator.php(545): Illuminate\\Database\\Migrations\\DatabaseMigrationRepository->repositoryExists()
#5 /var/www/html/M07_tenda/vendor/laravel/framework/src/Illuminate/Database/Console/Migrations/MigrateCommand.php(96): Illuminate\\Database\\Migrations\\Migrator->repositoryExists()
#6 /var/www/html/M07_tenda/vendor/laravel/framework/src/Illuminate/Database/Console/Migrations/MigrateCommand.php(62): Illuminate\\Database\\Console\\Migrations\\MigrateCommand->prepareDatabase()
#7 [internal function]: Illuminate\\Database\\Console\\Migrations\\MigrateCommand->handle()
#8 /var/www/html/M07_tenda/vendor/laravel/framework/src/Illuminate/Container/BoundMethod.php(29): call_user_func_array(Array, Array)
#9 /var/www/html/M07_tenda/vendor/laravel/framework/src/Illuminate/Container/BoundMethod.php(87): Illuminate\\Container\\BoundMethod::Illuminate\\Container\\{closure}()
#10 /var/www/html/M07_tenda/vendor/laravel/framework/src/Illuminate/Container/BoundMethod.php(31): Illuminate\\Container\\BoundMethod::callBoundMethod(Object(Illuminate\\Foundation\\Application), Array, Object(Closure))
#11 /var/www/html/M07_tenda/vendor/laravel/framework/src/Illuminate/Container/Container.php(549): Illuminate\\Container\\BoundMethod::call(Object(Illuminate\\Foundation\\Application), Array, Array, NULL)
#12 /var/www/html/M07_tenda/vendor/laravel/framework/src/Illuminate/Console/Command.php(183): Illuminate\\Container\\Container->call(Array)
#13 /var/www/html/M07_tenda/vendor/symfony/console/Command/Command.php(252): Illuminate\\Console\\Command->execute(Object(Symfony\\Component\\Console\\Input\\ArgvInput), Object(Illuminate\\Console\\OutputStyle))
#14 /var/www/html/M07_tenda/vendor/laravel/framework/src/Illuminate/Console/Command.php(170): Symfony\\Component\\Console\\Command\\Command->run(Object(Symfony\\Component\\Console\\Input\\ArgvInput), Object(Illuminate\\Console\\OutputStyle))
#15 /var/www/html/M07_tenda/vendor/symfony/console/Application.php(946): Illuminate\\Console\\Command->run(Object(Symfony\\Component\\Console\\Input\\ArgvInput), Object(Symfony\\Component\\Console\\Output\\ConsoleOutput))
#16 /var/www/html/M07_tenda/vendor/symfony/console/Application.php(248): Symfony\\Component\\Console\\Application->doRunCommand(Object(Illuminate\\Database\\Console\\Migrations\\MigrateCommand), Object(Symfony\\Component\\Console\\Input\\ArgvInput), Object(Symfony\\Component\\Console\\Output\\ConsoleOutput))
#17 /var/www/html/M07_tenda/vendor/symfony/console/Application.php(148): Symfony\\Component\\Console\\Application->doRun(Object(Symfony\\Component\\Console\\Input\\ArgvInput), Object(Symfony\\Component\\Console\\Output\\ConsoleOutput))
#18 /var/www/html/M07_tenda/vendor/laravel/framework/src/Illuminate/Console/Application.php(88): Symfony\\Component\\Console\\Application->run(Object(Symfony\\Component\\Console\\Input\\ArgvInput), Object(Symfony\\Component\\Console\\Output\\ConsoleOutput))
#19 /var/www/html/M07_tenda/vendor/laravel/framework/src/Illuminate/Foundation/Console/Kernel.php(121): Illuminate\\Console\\Application->run(Object(Symfony\\Component\\Console\\Input\\ArgvInput), Object(Symfony\\Component\\Console\\Output\\ConsoleOutput))
#20 /var/www/html/M07_tenda/artisan(37): Illuminate\\Foundation\\Console\\Kernel->handle(Object(Symfony\\Component\\Console\\Input\\ArgvInput), Object(Symfony\\Component\\Console\\Output\\ConsoleOutput))
#21 {main}
"} 
[2018-02-04 14:39:48] local.ERROR: SQLSTATE[HY000] [1049] Unknown database 'm07_tenda' {"exception":"[object] (Doctrine\\DBAL\\Driver\\PDOException(code: 1049): SQLSTATE[HY000] [1049] Unknown database 'm07_tenda' at /var/www/html/M07_tenda/vendor/doctrine/dbal/lib/Doctrine/DBAL/Driver/PDOConnection.php:47, PDOException(code: 1049): SQLSTATE[HY000] [1049] Unknown database 'm07_tenda' at /var/www/html/M07_tenda/vendor/doctrine/dbal/lib/Doctrine/DBAL/Driver/PDOConnection.php:43)
[stacktrace]
#0 /var/www/html/M07_tenda/vendor/laravel/framework/src/Illuminate/Database/Connectors/Connector.php(64): Doctrine\\DBAL\\Driver\\PDOConnection->__construct('mysql:host=127....', 'root', 'Drakart22', Array)
#1 /var/www/html/M07_tenda/vendor/laravel/framework/src/Illuminate/Database/Connectors/Connector.php(43): Illuminate\\Database\\Connectors\\Connector->createPdoConnection('mysql:host=127....', 'root', 'Drakart22', Array)
#2 /var/www/html/M07_tenda/vendor/laravel/framework/src/Illuminate/Database/Connectors/MySqlConnector.php(24): Illuminate\\Database\\Connectors\\Connector->createConnection('mysql:host=127....', Array, Array)
#3 /var/www/html/M07_tenda/vendor/laravel/framework/src/Illuminate/Database/Connectors/ConnectionFactory.php(183): Illuminate\\Database\\Connectors\\MySqlConnector->connect(Array)
#4 [internal function]: Illuminate\\Database\\Connectors\\ConnectionFactory->Illuminate\\Database\\Connectors\\{closure}()
#5 /var/www/html/M07_tenda/vendor/laravel/framework/src/Illuminate/Database/Connection.php(915): call_user_func(Object(Closure))
#6 /var/www/html/M07_tenda/vendor/laravel/framework/src/Illuminate/Database/Connection.php(940): Illuminate\\Database\\Connection->getPdo()
#7 /var/www/html/M07_tenda/vendor/laravel/framework/src/Illuminate/Database/Connection.php(399): Illuminate\\Database\\Connection->getReadPdo()
#8 /var/www/html/M07_tenda/vendor/laravel/framework/src/Illuminate/Database/Connection.php(325): Illuminate\\Database\\Connection->getPdoForSelect(true)
#9 /var/www/html/M07_tenda/vendor/laravel/framework/src/Illuminate/Database/Connection.php(657): Illuminate\\Database\\Connection->Illuminate\\Database\\{closure}('select * from i...', Array)
#10 /var/www/html/M07_tenda/vendor/laravel/framework/src/Illuminate/Database/Connection.php(624): Illuminate\\Database\\Connection->runQueryCallback('select * from i...', Array, Object(Closure))
#11 /var/www/html/M07_tenda/vendor/laravel/framework/src/Illuminate/Database/Connection.php(333): Illuminate\\Database\\Connection->run('select * from i...', Array, Object(Closure))
#12 /var/www/html/M07_tenda/vendor/laravel/framework/src/Illuminate/Database/Schema/MySqlBuilder.php(18): Illuminate\\Database\\Connection->select('select * from i...', Array)
#13 /var/www/html/M07_tenda/vendor/laravel/framework/src/Illuminate/Database/Migrations/DatabaseMigrationRepository.php(156): Illuminate\\Database\\Schema\\MySqlBuilder->hasTable('migrations')
#14 /var/www/html/M07_tenda/vendor/laravel/framework/src/Illuminate/Database/Migrations/Migrator.php(545): Illuminate\\Database\\Migrations\\DatabaseMigrationRepository->repositoryExists()
#15 /var/www/html/M07_tenda/vendor/laravel/framework/src/Illuminate/Database/Console/Migrations/MigrateCommand.php(96): Illuminate\\Database\\Migrations\\Migrator->repositoryExists()
#16 /var/www/html/M07_tenda/vendor/laravel/framework/src/Illuminate/Database/Console/Migrations/MigrateCommand.php(62): Illuminate\\Database\\Console\\Migrations\\MigrateCommand->prepareDatabase()
#17 [internal function]: Illuminate\\Database\\Console\\Migrations\\MigrateCommand->handle()
#18 /var/www/html/M07_tenda/vendor/laravel/framework/src/Illuminate/Container/BoundMethod.php(29): call_user_func_array(Array, Array)
#19 /var/www/html/M07_tenda/vendor/laravel/framework/src/Illuminate/Container/BoundMethod.php(87): Illuminate\\Container\\BoundMethod::Illuminate\\Container\\{closure}()
#20 /var/www/html/M07_tenda/vendor/laravel/framework/src/Illuminate/Container/BoundMethod.php(31): Illuminate\\Container\\BoundMethod::callBoundMethod(Object(Illuminate\\Foundation\\Application), Array, Object(Closure))
#21 /var/www/html/M07_tenda/vendor/laravel/framework/src/Illuminate/Container/Container.php(549): Illuminate\\Container\\BoundMethod::call(Object(Illuminate\\Foundation\\Application), Array, Array, NULL)
#22 /var/www/html/M07_tenda/vendor/laravel/framework/src/Illuminate/Console/Command.php(183): Illuminate\\Container\\Container->call(Array)
#23 /var/www/html/M07_tenda/vendor/symfony/console/Command/Command.php(252): Illuminate\\Console\\Command->execute(Object(Symfony\\Component\\Console\\Input\\ArgvInput), Object(Illuminate\\Console\\OutputStyle))
#24 /var/www/html/M07_tenda/vendor/laravel/framework/src/Illuminate/Console/Command.php(170): Symfony\\Component\\Console\\Command\\Command->run(Object(Symfony\\Component\\Console\\Input\\ArgvInput), Object(Illuminate\\Console\\OutputStyle))
#25 /var/www/html/M07_tenda/vendor/symfony/console/Application.php(946): Illuminate\\Console\\Command->run(Object(Symfony\\Component\\Console\\Input\\ArgvInput), Object(Symfony\\Component\\Console\\Output\\ConsoleOutput))
#26 /var/www/html/M07_tenda/vendor/symfony/console/Application.php(248): Symfony\\Component\\Console\\Application->doRunCommand(Object(Illuminate\\Database\\Console\\Migrations\\MigrateCommand), Object(Symfony\\Component\\Console\\Input\\ArgvInput), Object(Symfony\\Component\\Console\\Output\\ConsoleOutput))
#27 /var/www/html/M07_tenda/vendor/symfony/console/Application.php(148): Symfony\\Component\\Console\\Application->doRun(Object(Symfony\\Component\\Console\\Input\\ArgvInput), Object(Symfony\\Component\\Console\\Output\\ConsoleOutput))
#28 /var/www/html/M07_tenda/vendor/laravel/framework/src/Illuminate/Console/Application.php(88): Symfony\\Component\\Console\\Application->run(Object(Symfony\\Component\\Console\\Input\\ArgvInput), Object(Symfony\\Component\\Console\\Output\\ConsoleOutput))
#29 /var/www/html/M07_tenda/vendor/laravel/framework/src/Illuminate/Foundation/Console/Kernel.php(121): Illuminate\\Console\\Application->run(Object(Symfony\\Component\\Console\\Input\\ArgvInput), Object(Symfony\\Component\\Console\\Output\\ConsoleOutput))
#30 /var/www/html/M07_tenda/artisan(37): Illuminate\\Foundation\\Console\\Kernel->handle(Object(Symfony\\Component\\Console\\Input\\ArgvInput), Object(Symfony\\Component\\Console\\Output\\ConsoleOutput))
#31 {main}
"} 
[2018-02-04 14:39:48] local.ERROR: SQLSTATE[HY000] [1049] Unknown database 'm07_tenda' (SQL: select * from information_schema.tables where table_schema = m07_tenda and table_name = migrations) {"exception":"[object] (Illuminate\\Database\\QueryException(code: 1049): SQLSTATE[HY000] [1049] Unknown database 'm07_tenda' (SQL: select * from information_schema.tables where table_schema = m07_tenda and table_name = migrations) at /var/www/html/M07_tenda/vendor/laravel/framework/src/Illuminate/Database/Connection.php:664, Doctrine\\DBAL\\Driver\\PDOException(code: 1049): SQLSTATE[HY000] [1049] Unknown database 'm07_tenda' at /var/www/html/M07_tenda/vendor/doctrine/dbal/lib/Doctrine/DBAL/Driver/PDOConnection.php:47, PDOException(code: 1049): SQLSTATE[HY000] [1049] Unknown database 'm07_tenda' at /var/www/html/M07_tenda/vendor/doctrine/dbal/lib/Doctrine/DBAL/Driver/PDOConnection.php:43)
[stacktrace]
#0 /var/www/html/M07_tenda/vendor/laravel/framework/src/Illuminate/Database/Connection.php(624): Illuminate\\Database\\Connection->runQueryCallback('select * from i...', Array, Object(Closure))
#1 /var/www/html/M07_tenda/vendor/laravel/framework/src/Illuminate/Database/Connection.php(333): Illuminate\\Database\\Connection->run('select * from i...', Array, Object(Closure))
#2 /var/www/html/M07_tenda/vendor/laravel/framework/src/Illuminate/Database/Schema/MySqlBuilder.php(18): Illuminate\\Database\\Connection->select('select * from i...', Array)
#3 /var/www/html/M07_tenda/vendor/laravel/framework/src/Illuminate/Database/Migrations/DatabaseMigrationRepository.php(156): Illuminate\\Database\\Schema\\MySqlBuilder->hasTable('migrations')
#4 /var/www/html/M07_tenda/vendor/laravel/framework/src/Illuminate/Database/Migrations/Migrator.php(545): Illuminate\\Database\\Migrations\\DatabaseMigrationRepository->repositoryExists()
#5 /var/www/html/M07_tenda/vendor/laravel/framework/src/Illuminate/Database/Console/Migrations/MigrateCommand.php(96): Illuminate\\Database\\Migrations\\Migrator->repositoryExists()
#6 /var/www/html/M07_tenda/vendor/laravel/framework/src/Illuminate/Database/Console/Migrations/MigrateCommand.php(62): Illuminate\\Database\\Console\\Migrations\\MigrateCommand->prepareDatabase()
#7 [internal function]: Illuminate\\Database\\Console\\Migrations\\MigrateCommand->handle()
#8 /var/www/html/M07_tenda/vendor/laravel/framework/src/Illuminate/Container/BoundMethod.php(29): call_user_func_array(Array, Array)
#9 /var/www/html/M07_tenda/vendor/laravel/framework/src/Illuminate/Container/BoundMethod.php(87): Illuminate\\Container\\BoundMethod::Illuminate\\Container\\{closure}()
#10 /var/www/html/M07_tenda/vendor/laravel/framework/src/Illuminate/Container/BoundMethod.php(31): Illuminate\\Container\\BoundMethod::callBoundMethod(Object(Illuminate\\Foundation\\Application), Array, Object(Closure))
#11 /var/www/html/M07_tenda/vendor/laravel/framework/src/Illuminate/Container/Container.php(549): Illuminate\\Container\\BoundMethod::call(Object(Illuminate\\Foundation\\Application), Array, Array, NULL)
#12 /var/www/html/M07_tenda/vendor/laravel/framework/src/Illuminate/Console/Command.php(183): Illuminate\\Container\\Container->call(Array)
#13 /var/www/html/M07_tenda/vendor/symfony/console/Command/Command.php(252): Illuminate\\Console\\Command->execute(Object(Symfony\\Component\\Console\\Input\\ArgvInput), Object(Illuminate\\Console\\OutputStyle))
#14 /var/www/html/M07_tenda/vendor/laravel/framework/src/Illuminate/Console/Command.php(170): Symfony\\Component\\Console\\Command\\Command->run(Object(Symfony\\Component\\Console\\Input\\ArgvInput), Object(Illuminate\\Console\\OutputStyle))
#15 /var/www/html/M07_tenda/vendor/symfony/console/Application.php(946): Illuminate\\Console\\Command->run(Object(Symfony\\Component\\Console\\Input\\ArgvInput), Object(Symfony\\Component\\Console\\Output\\ConsoleOutput))
#16 /var/www/html/M07_tenda/vendor/symfony/console/Application.php(248): Symfony\\Component\\Console\\Application->doRunCommand(Object(Illuminate\\Database\\Console\\Migrations\\MigrateCommand), Object(Symfony\\Component\\Console\\Input\\ArgvInput), Object(Symfony\\Component\\Console\\Output\\ConsoleOutput))
#17 /var/www/html/M07_tenda/vendor/symfony/console/Application.php(148): Symfony\\Component\\Console\\Application->doRun(Object(Symfony\\Component\\Console\\Input\\ArgvInput), Object(Symfony\\Component\\Console\\Output\\ConsoleOutput))
#18 /var/www/html/M07_tenda/vendor/laravel/framework/src/Illuminate/Console/Application.php(88): Symfony\\Component\\Console\\Application->run(Object(Symfony\\Component\\Console\\Input\\ArgvInput), Object(Symfony\\Component\\Console\\Output\\ConsoleOutput))
#19 /var/www/html/M07_tenda/vendor/laravel/framework/src/Illuminate/Foundation/Console/Kernel.php(121): Illuminate\\Console\\Application->run(Object(Symfony\\Component\\Console\\Input\\ArgvInput), Object(Symfony\\Component\\Console\\Output\\ConsoleOutput))
#20 /var/www/html/M07_tenda/artisan(37): Illuminate\\Foundation\\Console\\Kernel->handle(Object(Symfony\\Component\\Console\\Input\\ArgvInput), Object(Symfony\\Component\\Console\\Output\\ConsoleOutput))
#21 {main}
"} 
[2018-02-17 16:57:53] local.ERROR: file_put_contents(/var/www/html/M07_tenda/bootstrap/cache/services.php): failed to open stream: Permission denied {"exception":"[object] (ErrorException(code: 0): file_put_contents(/var/www/html/M07_tenda/bootstrap/cache/services.php): failed to open stream: Permission denied at /var/www/html/M07_tenda/vendor/laravel/framework/src/Illuminate/Filesystem/Filesystem.php:122)
[stacktrace]
#0 [internal function]: Illuminate\\Foundation\\Bootstrap\\HandleExceptions->handleError(2, 'file_put_conten...', '/var/www/html/M...', 122, Array)
#1 /var/www/html/M07_tenda/vendor/laravel/framework/src/Illuminate/Filesystem/Filesystem.php(122): file_put_contents('/var/www/html/M...', '<?php return ar...', 0)
#2 /var/www/html/M07_tenda/vendor/laravel/framework/src/Illuminate/Foundation/ProviderRepository.php(194): Illuminate\\Filesystem\\Filesystem->put('/var/www/html/M...', '<?php return ar...')
#3 /var/www/html/M07_tenda/vendor/laravel/framework/src/Illuminate/Foundation/ProviderRepository.php(165): Illuminate\\Foundation\\ProviderRepository->writeManifest(Array)
#4 /var/www/html/M07_tenda/vendor/laravel/framework/src/Illuminate/Foundation/ProviderRepository.php(61): Illuminate\\Foundation\\ProviderRepository->compileManifest(Array)
#5 /var/www/html/M07_tenda/vendor/laravel/framework/src/Illuminate/Foundation/Application.php(561): Illuminate\\Foundation\\ProviderRepository->load(Array)
#6 /var/www/html/M07_tenda/vendor/laravel/framework/src/Illuminate/Foundation/Bootstrap/RegisterProviders.php(17): Illuminate\\Foundation\\Application->registerConfiguredProviders()
#7 /var/www/html/M07_tenda/vendor/laravel/framework/src/Illuminate/Foundation/Application.php(213): Illuminate\\Foundation\\Bootstrap\\RegisterProviders->bootstrap(Object(Illuminate\\Foundation\\Application))
#8 /var/www/html/M07_tenda/vendor/laravel/framework/src/Illuminate/Foundation/Console/Kernel.php(296): Illuminate\\Foundation\\Application->bootstrapWith(Array)
#9 /var/www/html/M07_tenda/vendor/laravel/framework/src/Illuminate/Foundation/Console/Kernel.php(119): Illuminate\\Foundation\\Console\\Kernel->bootstrap()
#10 /var/www/html/M07_tenda/artisan(37): Illuminate\\Foundation\\Console\\Kernel->handle(Object(Symfony\\Component\\Console\\Input\\ArgvInput), Object(Symfony\\Component\\Console\\Output\\ConsoleOutput))
#11 {main}
"} 
[2018-02-18 11:04:45] local.ERROR: Too many arguments, expected arguments "command". {"exception":"[object] (Symfony\\Component\\Console\\Exception\\RuntimeException(code: 0): Too many arguments, expected arguments \"command\". at /var/www/html/M07_tenda/vendor/symfony/console/Input/ArgvInput.php:187)
[stacktrace]
#0 /var/www/html/M07_tenda/vendor/symfony/console/Input/ArgvInput.php(86): Symfony\\Component\\Console\\Input\\ArgvInput->parseArgument('refresh')
#1 /var/www/html/M07_tenda/vendor/symfony/console/Input/Input.php(55): Symfony\\Component\\Console\\Input\\ArgvInput->parse()
#2 /var/www/html/M07_tenda/vendor/symfony/console/Command/Command.php(210): Symfony\\Component\\Console\\Input\\Input->bind(Object(Symfony\\Component\\Console\\Input\\InputDefinition))
#3 /var/www/html/M07_tenda/vendor/laravel/framework/src/Illuminate/Console/Command.php(170): Symfony\\Component\\Console\\Command\\Command->run(Object(Symfony\\Component\\Console\\Input\\ArgvInput), Object(Illuminate\\Console\\OutputStyle))
#4 /var/www/html/M07_tenda/vendor/symfony/console/Application.php(946): Illuminate\\Console\\Command->run(Object(Symfony\\Component\\Console\\Input\\ArgvInput), Object(Symfony\\Component\\Console\\Output\\ConsoleOutput))
#5 /var/www/html/M07_tenda/vendor/symfony/console/Application.php(248): Symfony\\Component\\Console\\Application->doRunCommand(Object(Illuminate\\Database\\Console\\Migrations\\MigrateCommand), Object(Symfony\\Component\\Console\\Input\\ArgvInput), Object(Symfony\\Component\\Console\\Output\\ConsoleOutput))
#6 /var/www/html/M07_tenda/vendor/symfony/console/Application.php(148): Symfony\\Component\\Console\\Application->doRun(Object(Symfony\\Component\\Console\\Input\\ArgvInput), Object(Symfony\\Component\\Console\\Output\\ConsoleOutput))
#7 /var/www/html/M07_tenda/vendor/laravel/framework/src/Illuminate/Console/Application.php(88): Symfony\\Component\\Console\\Application->run(Object(Symfony\\Component\\Console\\Input\\ArgvInput), Object(Symfony\\Component\\Console\\Output\\ConsoleOutput))
#8 /var/www/html/M07_tenda/vendor/laravel/framework/src/Illuminate/Foundation/Console/Kernel.php(121): Illuminate\\Console\\Application->run(Object(Symfony\\Component\\Console\\Input\\ArgvInput), Object(Symfony\\Component\\Console\\Output\\ConsoleOutput))
#9 /var/www/html/M07_tenda/artisan(37): Illuminate\\Foundation\\Console\\Kernel->handle(Object(Symfony\\Component\\Console\\Input\\ArgvInput), Object(Symfony\\Component\\Console\\Output\\ConsoleOutput))
#10 {main}
"} 
[2018-02-18 11:05:03] local.ERROR: Too many arguments, expected arguments "command". {"exception":"[object] (Symfony\\Component\\Console\\Exception\\RuntimeException(code: 0): Too many arguments, expected arguments \"command\". at /var/www/html/M07_tenda/vendor/symfony/console/Input/ArgvInput.php:187)
[stacktrace]
#0 /var/www/html/M07_tenda/vendor/symfony/console/Input/ArgvInput.php(86): Symfony\\Component\\Console\\Input\\ArgvInput->parseArgument('refresh')
#1 /var/www/html/M07_tenda/vendor/symfony/console/Input/Input.php(55): Symfony\\Component\\Console\\Input\\ArgvInput->parse()
#2 /var/www/html/M07_tenda/vendor/symfony/console/Command/Command.php(210): Symfony\\Component\\Console\\Input\\Input->bind(Object(Symfony\\Component\\Console\\Input\\InputDefinition))
#3 /var/www/html/M07_tenda/vendor/laravel/framework/src/Illuminate/Console/Command.php(170): Symfony\\Component\\Console\\Command\\Command->run(Object(Symfony\\Component\\Console\\Input\\ArgvInput), Object(Illuminate\\Console\\OutputStyle))
#4 /var/www/html/M07_tenda/vendor/symfony/console/Application.php(946): Illuminate\\Console\\Command->run(Object(Symfony\\Component\\Console\\Input\\ArgvInput), Object(Symfony\\Component\\Console\\Output\\ConsoleOutput))
#5 /var/www/html/M07_tenda/vendor/symfony/console/Application.php(248): Symfony\\Component\\Console\\Application->doRunCommand(Object(Illuminate\\Database\\Console\\Migrations\\MigrateCommand), Object(Symfony\\Component\\Console\\Input\\ArgvInput), Object(Symfony\\Component\\Console\\Output\\ConsoleOutput))
#6 /var/www/html/M07_tenda/vendor/symfony/console/Application.php(148): Symfony\\Component\\Console\\Application->doRun(Object(Symfony\\Component\\Console\\Input\\ArgvInput), Object(Symfony\\Component\\Console\\Output\\ConsoleOutput))
#7 /var/www/html/M07_tenda/vendor/laravel/framework/src/Illuminate/Console/Application.php(88): Symfony\\Component\\Console\\Application->run(Object(Symfony\\Component\\Console\\Input\\ArgvInput), Object(Symfony\\Component\\Console\\Output\\ConsoleOutput))
#8 /var/www/html/M07_tenda/vendor/laravel/framework/src/Illuminate/Foundation/Console/Kernel.php(121): Illuminate\\Console\\Application->run(Object(Symfony\\Component\\Console\\Input\\ArgvInput), Object(Symfony\\Component\\Console\\Output\\ConsoleOutput))
#9 /var/www/html/M07_tenda/artisan(37): Illuminate\\Foundation\\Console\\Kernel->handle(Object(Symfony\\Component\\Console\\Input\\ArgvInput), Object(Symfony\\Component\\Console\\Output\\ConsoleOutput))
#10 {main}
"} 
[2018-02-18 11:17:54] local.ERROR: The "-s" option does not exist. {"exception":"[object] (Symfony\\Component\\Console\\Exception\\RuntimeException(code: 0): The \"-s\" option does not exist. at /var/www/html/M07_tenda/vendor/symfony/console/Input/ArgvInput.php:124)
[stacktrace]
#0 /var/www/html/M07_tenda/vendor/symfony/console/Input/ArgvInput.php(105): Symfony\\Component\\Console\\Input\\ArgvInput->parseShortOptionSet('seed')
#1 /var/www/html/M07_tenda/vendor/symfony/console/Input/ArgvInput.php(84): Symfony\\Component\\Console\\Input\\ArgvInput->parseShortOption('-seed')
#2 /var/www/html/M07_tenda/vendor/symfony/console/Input/Input.php(55): Symfony\\Component\\Console\\Input\\ArgvInput->parse()
#3 /var/www/html/M07_tenda/vendor/symfony/console/Command/Command.php(210): Symfony\\Component\\Console\\Input\\Input->bind(Object(Symfony\\Component\\Console\\Input\\InputDefinition))
#4 /var/www/html/M07_tenda/vendor/laravel/framework/src/Illuminate/Console/Command.php(170): Symfony\\Component\\Console\\Command\\Command->run(Object(Symfony\\Component\\Console\\Input\\ArgvInput), Object(Illuminate\\Console\\OutputStyle))
#5 /var/www/html/M07_tenda/vendor/symfony/console/Application.php(946): Illuminate\\Console\\Command->run(Object(Symfony\\Component\\Console\\Input\\ArgvInput), Object(Symfony\\Component\\Console\\Output\\ConsoleOutput))
#6 /var/www/html/M07_tenda/vendor/symfony/console/Application.php(248): Symfony\\Component\\Console\\Application->doRunCommand(Object(Illuminate\\Database\\Console\\Migrations\\RefreshCommand), Object(Symfony\\Component\\Console\\Input\\ArgvInput), Object(Symfony\\Component\\Console\\Output\\ConsoleOutput))
#7 /var/www/html/M07_tenda/vendor/symfony/console/Application.php(148): Symfony\\Component\\Console\\Application->doRun(Object(Symfony\\Component\\Console\\Input\\ArgvInput), Object(Symfony\\Component\\Console\\Output\\ConsoleOutput))
#8 /var/www/html/M07_tenda/vendor/laravel/framework/src/Illuminate/Console/Application.php(88): Symfony\\Component\\Console\\Application->run(Object(Symfony\\Component\\Console\\Input\\ArgvInput), Object(Symfony\\Component\\Console\\Output\\ConsoleOutput))
#9 /var/www/html/M07_tenda/vendor/laravel/framework/src/Illuminate/Foundation/Console/Kernel.php(121): Illuminate\\Console\\Application->run(Object(Symfony\\Component\\Console\\Input\\ArgvInput), Object(Symfony\\Component\\Console\\Output\\ConsoleOutput))
#10 /var/www/html/M07_tenda/artisan(37): Illuminate\\Foundation\\Console\\Kernel->handle(Object(Symfony\\Component\\Console\\Input\\ArgvInput), Object(Symfony\\Component\\Console\\Output\\ConsoleOutput))
#11 {main}
"} 
[2018-02-18 11:18:19] local.ERROR: Too many arguments, expected arguments "command". {"exception":"[object] (Symfony\\Component\\Console\\Exception\\RuntimeException(code: 0): Too many arguments, expected arguments \"command\". at /var/www/html/M07_tenda/vendor/symfony/console/Input/ArgvInput.php:187)
[stacktrace]
#0 /var/www/html/M07_tenda/vendor/symfony/console/Input/ArgvInput.php(86): Symfony\\Component\\Console\\Input\\ArgvInput->parseArgument('seed')
#1 /var/www/html/M07_tenda/vendor/symfony/console/Input/Input.php(55): Symfony\\Component\\Console\\Input\\ArgvInput->parse()
#2 /var/www/html/M07_tenda/vendor/symfony/console/Command/Command.php(210): Symfony\\Component\\Console\\Input\\Input->bind(Object(Symfony\\Component\\Console\\Input\\InputDefinition))
#3 /var/www/html/M07_tenda/vendor/laravel/framework/src/Illuminate/Console/Command.php(170): Symfony\\Component\\Console\\Command\\Command->run(Object(Symfony\\Component\\Console\\Input\\ArgvInput), Object(Illuminate\\Console\\OutputStyle))
#4 /var/www/html/M07_tenda/vendor/symfony/console/Application.php(946): Illuminate\\Console\\Command->run(Object(Symfony\\Component\\Console\\Input\\ArgvInput), Object(Symfony\\Component\\Console\\Output\\ConsoleOutput))
#5 /var/www/html/M07_tenda/vendor/symfony/console/Application.php(248): Symfony\\Component\\Console\\Application->doRunCommand(Object(Illuminate\\Database\\Console\\Migrations\\RefreshCommand), Object(Symfony\\Component\\Console\\Input\\ArgvInput), Object(Symfony\\Component\\Console\\Output\\ConsoleOutput))
#6 /var/www/html/M07_tenda/vendor/symfony/console/Application.php(148): Symfony\\Component\\Console\\Application->doRun(Object(Symfony\\Component\\Console\\Input\\ArgvInput), Object(Symfony\\Component\\Console\\Output\\ConsoleOutput))
#7 /var/www/html/M07_tenda/vendor/laravel/framework/src/Illuminate/Console/Application.php(88): Symfony\\Component\\Console\\Application->run(Object(Symfony\\Component\\Console\\Input\\ArgvInput), Object(Symfony\\Component\\Console\\Output\\ConsoleOutput))
#8 /var/www/html/M07_tenda/vendor/laravel/framework/src/Illuminate/Foundation/Console/Kernel.php(121): Illuminate\\Console\\Application->run(Object(Symfony\\Component\\Console\\Input\\ArgvInput), Object(Symfony\\Component\\Console\\Output\\ConsoleOutput))
#9 /var/www/html/M07_tenda/artisan(37): Illuminate\\Foundation\\Console\\Kernel->handle(Object(Symfony\\Component\\Console\\Input\\ArgvInput), Object(Symfony\\Component\\Console\\Output\\ConsoleOutput))
#10 {main}
"} 
[2018-02-18 11:18:45] local.ERROR: The "-s" option does not exist. {"exception":"[object] (Symfony\\Component\\Console\\Exception\\RuntimeException(code: 0): The \"-s\" option does not exist. at /var/www/html/M07_tenda/vendor/symfony/console/Input/ArgvInput.php:205)
[stacktrace]
#0 /var/www/html/M07_tenda/vendor/symfony/console/Input/ArgvInput.php(108): Symfony\\Component\\Console\\Input\\ArgvInput->addShortOption('s', NULL)
#1 /var/www/html/M07_tenda/vendor/symfony/console/Input/ArgvInput.php(84): Symfony\\Component\\Console\\Input\\ArgvInput->parseShortOption('-s')
#2 /var/www/html/M07_tenda/vendor/symfony/console/Input/Input.php(55): Symfony\\Component\\Console\\Input\\ArgvInput->parse()
#3 /var/www/html/M07_tenda/vendor/symfony/console/Command/Command.php(210): Symfony\\Component\\Console\\Input\\Input->bind(Object(Symfony\\Component\\Console\\Input\\InputDefinition))
#4 /var/www/html/M07_tenda/vendor/laravel/framework/src/Illuminate/Console/Command.php(170): Symfony\\Component\\Console\\Command\\Command->run(Object(Symfony\\Component\\Console\\Input\\ArgvInput), Object(Illuminate\\Console\\OutputStyle))
#5 /var/www/html/M07_tenda/vendor/symfony/console/Application.php(946): Illuminate\\Console\\Command->run(Object(Symfony\\Component\\Console\\Input\\ArgvInput), Object(Symfony\\Component\\Console\\Output\\ConsoleOutput))
#6 /var/www/html/M07_tenda/vendor/symfony/console/Application.php(248): Symfony\\Component\\Console\\Application->doRunCommand(Object(Illuminate\\Database\\Console\\Migrations\\RefreshCommand), Object(Symfony\\Component\\Console\\Input\\ArgvInput), Object(Symfony\\Component\\Console\\Output\\ConsoleOutput))
#7 /var/www/html/M07_tenda/vendor/symfony/console/Application.php(148): Symfony\\Component\\Console\\Application->doRun(Object(Symfony\\Component\\Console\\Input\\ArgvInput), Object(Symfony\\Component\\Console\\Output\\ConsoleOutput))
#8 /var/www/html/M07_tenda/vendor/laravel/framework/src/Illuminate/Console/Application.php(88): Symfony\\Component\\Console\\Application->run(Object(Symfony\\Component\\Console\\Input\\ArgvInput), Object(Symfony\\Component\\Console\\Output\\ConsoleOutput))
#9 /var/www/html/M07_tenda/vendor/laravel/framework/src/Illuminate/Foundation/Console/Kernel.php(121): Illuminate\\Console\\Application->run(Object(Symfony\\Component\\Console\\Input\\ArgvInput), Object(Symfony\\Component\\Console\\Output\\ConsoleOutput))
#10 /var/www/html/M07_tenda/artisan(37): Illuminate\\Foundation\\Console\\Kernel->handle(Object(Symfony\\Component\\Console\\Input\\ArgvInput), Object(Symfony\\Component\\Console\\Output\\ConsoleOutput))
#11 {main}
"} 
